<?xml version="1.0" encoding="UTF-8"?>
<testsuite xmlns:xsi="http://www.w3.org/2001/XMLSchema-instance" xsi:noNamespaceSchemaLocation="https://maven.apache.org/surefire/maven-surefire-plugin/xsd/surefire-test-report-3.0.xsd" version="3.0" name="usach.tingeso.services.VehicleServiceTest" time="0.011" tests="10" errors="0" skipped="0" failures="0">
  <properties>
[...]
</properties>
  <testcase name="testGetAllVehiclesEmpty" classname="usach.tingeso.services.VehicleServiceTest" time="0.001"/>
  <testcase name="testGetVehicleById" classname="usach.tingeso.services.VehicleServiceTest" time="0.0"/>
  <testcase name="testDeleteVehicleNotFound" classname="usach.tingeso.services.VehicleServiceTest" time="0.001"/>
  <testcase name="testGetAllVehicles" classname="usach.tingeso.services.VehicleServiceTest" time="0.001"/>
  <testcase name="testSaveVehicle" classname="usach.tingeso.services.VehicleServiceTest" time="0.001"/>
  <testcase name="testUpdateVehicle" classname="usach.tingeso.services.VehicleServiceTest" time="0.001"/>
  <testcase name="testSaveVehicleNull" classname="usach.tingeso.services.VehicleServiceTest" time="0.0"/>
  <testcase name="testUpdateVehicleNotFound" classname="usach.tingeso.services.VehicleServiceTest" time="0.001"/>
  <testcase name="testGetVehicleByIdNotFound" classname="usach.tingeso.services.VehicleServiceTest" time="0.001"/>
  <testcase name="testDeleteVehicle" classname="usach.tingeso.services.VehicleServiceTest" time="0.002"/>
</testsuite>