<?xml version="1.0" encoding="UTF-8"?>
<testsuite xmlns:xsi="http://www.w3.org/2001/XMLSchema-instance" xsi:noNamespaceSchemaLocation="https://maven.apache.org/surefire/maven-surefire-plugin/xsd/surefire-test-report-3.0.xsd" version="3.0" name="usach.tingeso.TingesoApplicationTests" time="3.098" tests="1" errors="0" skipped="0" failures="0">
  <properties>
[...]
</properties>
  <testcase name="contextLoads" classname="usach.tingeso.TingesoApplicationTests" time="0.005">
    <system-out><![CDATA[00:07:25.157 [main] INFO org.springframework.test.context.support.AnnotationConfigContextLoaderUtils -- Could not detect default configuration classes for test class [usach.tingeso.TingesoApplicationTests]: TingesoApplicationTests does not declare any static, non-private, non-final, nested classes annotated with @Configuration.
00:07:25.219 [main] INFO org.springframework.boot.test.context.SpringBootTestContextBootstrapper -- Found @SpringBootConfiguration usach.tingeso.TingesoApplication for test class usach.tingeso.TingesoApplicationTests

  .   ____          _            __ _ _
 /\\ / ___'_ __ _ _(_)_ __  __ _ \ \ \ \
( ( )\___ | '_ | '_| | '_ \/ _` | \ \ \ \
 \\/  ___)| |_)| | | | | || (_| |  ) ) ) )
  '  |____| .__|_| |_|_| |_\__, | / / / /
 =========|_|==============|___/=/_/_/_/
 :: Spring Boot ::                (v3.2.3)

2024-04-30T00:07:25.462-04:00  INFO 8188 --- [           main] usach.tingeso.TingesoApplicationTests    : Starting TingesoApplicationTests using Java 18.0.2.1 with PID 8188 (started by ivang in O:\TINGESO\Tingeso1\pep1-backend)
2024-04-30T00:07:25.463-04:00  INFO 8188 --- [           main] usach.tingeso.TingesoApplicationTests    : No active profile set, falling back to 1 default profile: "default"
2024-04-30T00:07:25.861-04:00  INFO 8188 --- [           main] .s.d.r.c.RepositoryConfigurationDelegate : Bootstrapping Spring Data JPA repositories in DEFAULT mode.
2024-04-30T00:07:25.902-04:00  INFO 8188 --- [           main] .s.d.r.c.RepositoryConfigurationDelegate : Finished Spring Data repository scanning in 31 ms. Found 5 JPA repository interfaces.
2024-04-30T00:07:26.179-04:00  INFO 8188 --- [           main] o.hibernate.jpa.internal.util.LogHelper  : HHH000204: Processing PersistenceUnitInfo [name: default]
2024-04-30T00:07:26.237-04:00  INFO 8188 --- [           main] org.hibernate.Version                    : HHH000412: Hibernate ORM core version 6.4.4.Final
2024-04-30T00:07:26.261-04:00  INFO 8188 --- [           main] o.h.c.internal.RegionFactoryInitiator    : HHH000026: Second-level cache disabled
2024-04-30T00:07:26.352-04:00  INFO 8188 --- [           main] o.s.o.j.p.SpringPersistenceUnitInfo      : No LoadTimeWeaver setup: ignoring JPA class transformer
2024-04-30T00:07:26.368-04:00  INFO 8188 --- [           main] com.zaxxer.hikari.HikariDataSource       : HikariPool-1 - Starting...
2024-04-30T00:07:26.593-04:00  INFO 8188 --- [           main] com.zaxxer.hikari.pool.HikariPool        : HikariPool-1 - Added connection com.mysql.cj.jdbc.ConnectionImpl@37d3e740
2024-04-30T00:07:26.595-04:00  INFO 8188 --- [           main] com.zaxxer.hikari.HikariDataSource       : HikariPool-1 - Start completed.
2024-04-30T00:07:27.174-04:00  INFO 8188 --- [           main] o.h.e.t.j.p.i.JtaPlatformInitiator       : HHH000489: No JTA platform available (set 'hibernate.transaction.jta.platform' to enable JTA platform integration)
2024-04-30T00:07:27.204-04:00  INFO 8188 --- [           main] j.LocalContainerEntityManagerFactoryBean : Initialized JPA EntityManagerFactory for persistence unit 'default'
2024-04-30T00:07:27.370-04:00  INFO 8188 --- [           main] o.s.d.j.r.query.QueryEnhancerFactory     : Hibernate is in classpath; If applicable, HQL parser will be used.
2024-04-30T00:07:27.892-04:00  WARN 8188 --- [           main] JpaBaseConfiguration$JpaWebConfiguration : spring.jpa.open-in-view is enabled by default. Therefore, database queries may be performed during view rendering. Explicitly configure spring.jpa.open-in-view to disable this warning
2024-04-30T00:07:28.130-04:00  INFO 8188 --- [           main] usach.tingeso.TingesoApplicationTests    : Started TingesoApplicationTests in 2.813 seconds (process running for 5.072)
]]></system-out>
  </testcase>
</testsuite>